[0m13:46:46.809495 [debug] [MainThread]: Sending event: {'category': 'dbt', 'action': 'invocation', 'label': 'start', 'context': [<snowplow_tracker.self_describing_json.SelfDescribingJson object at 0x000001E4170CD010>, <snowplow_tracker.self_describing_json.SelfDescribingJson object at 0x000001E4170CEA10>, <snowplow_tracker.self_describing_json.SelfDescribingJson object at 0x000001E4170CE950>]}


============================== 13:46:46.854649 | 061cda7d-897b-42d6-a2a2-29a5af1e4546 ==============================
[0m13:46:46.854649 [info ] [MainThread]: Running with dbt=1.11.7
[0m13:46:46.856162 [debug] [MainThread]: running dbt with arguments {'static_parser': 'True', 'no_print': 'None', 'version_check': 'True', 'warn_error_options': 'WarnErrorOptionsV2(error=[], warn=[], silence=[])', 'target_path': 'None', 'printer_width': '80', 'write_json': 'True', 'empty': 'None', 'log_cache_events': 'False', 'introspect': 'True', 'cache_selected_only': 'False', 'log_format': 'default', 'debug': 'False', 'fail_fast': 'False', 'partial_parse': 'True', 'send_anonymous_usage_stats': 'True', 'quiet': 'False', 'warn_error': 'None', 'profiles_dir': 'C:\\Users\\slitewka\\.dbt', 'indirect_selection': 'eager', 'use_colors': 'True', 'invocation_command': 'dbt init --skip-profile-setup airbnb', 'use_experimental_parser': 'False', 'log_path': 'logs'}
[0m13:46:47.005540 [info ] [MainThread]: Creating dbt configuration folder at C:\Users\slitewka\.dbt
[0m13:46:47.014071 [debug] [MainThread]: Starter project path: C:\Repository\dbt-course\.venv\Lib\site-packages\dbt\include\starter_project
[0m13:46:47.060463 [info ] [MainThread]: 
Your new dbt project "airbnb" was created!

For more information on how to configure the profiles.yml file,
please consult the dbt documentation here:

  https://docs.getdbt.com/docs/configure-your-profile

One more thing:

Need help? Don't hesitate to reach out to us via GitHub issues or on Slack:

  https://community.getdbt.com/

Happy modeling!

[0m13:46:47.062464 [debug] [MainThread]: Command `dbt init` succeeded at 13:46:47.062464 after 0.43 seconds
[0m13:46:47.063465 [debug] [MainThread]: Sending event: {'category': 'dbt', 'action': 'invocation', 'label': 'end', 'context': [<snowplow_tracker.self_describing_json.SelfDescribingJson object at 0x000001E41BAE6B10>, <snowplow_tracker.self_describing_json.SelfDescribingJson object at 0x000001E413F43190>, <snowplow_tracker.self_describing_json.SelfDescribingJson object at 0x000001E41BAEBF50>]}
[0m13:46:47.063465 [debug] [MainThread]: Flushing usage events
[0m13:46:48.534715 [debug] [MainThread]: An error was encountered while trying to flush usage events
[0m13:48:09.012573 [debug] [MainThread]: Sending event: {'category': 'dbt', 'action': 'invocation', 'label': 'start', 'context': [<snowplow_tracker.self_describing_json.SelfDescribingJson object at 0x0000021781CF4D90>, <snowplow_tracker.self_describing_json.SelfDescribingJson object at 0x00000217851D7FD0>, <snowplow_tracker.self_describing_json.SelfDescribingJson object at 0x000002178652F110>]}


============================== 13:48:09.020583 | 7300cf35-ddc5-46ac-b10e-c52edf1e8ac4 ==============================
[0m13:48:09.020583 [info ] [MainThread]: Running with dbt=1.11.7
[0m13:48:09.023093 [debug] [MainThread]: running dbt with arguments {'version_check': 'True', 'no_print': 'None', 'static_parser': 'True', 'target_path': 'None', 'warn_error_options': 'WarnErrorOptionsV2(error=[], warn=[], silence=[])', 'printer_width': '80', 'write_json': 'True', 'empty': 'None', 'log_cache_events': 'False', 'introspect': 'True', 'cache_selected_only': 'False', 'log_format': 'default', 'debug': 'False', 'fail_fast': 'False', 'profiles_dir': 'C:\\Repository\\dbt-course', 'send_anonymous_usage_stats': 'True', 'quiet': 'False', 'warn_error': 'None', 'partial_parse': 'True', 'indirect_selection': 'eager', 'use_colors': 'True', 'invocation_command': 'dbt debug', 'use_experimental_parser': 'False', 'log_path': 'logs'}
[0m13:48:09.064362 [info ] [MainThread]: dbt version: 1.11.7
[0m13:48:09.067344 [info ] [MainThread]: python version: 3.11.6
[0m13:48:09.068341 [info ] [MainThread]: python path: C:\Repository\dbt-course\.venv\Scripts\python.exe
[0m13:48:09.069901 [info ] [MainThread]: os info: Windows-10-10.0.26100-SP0
[0m13:48:12.071055 [debug] [MainThread]: Snowflake adapter: Setting snowflake.connector to ERROR (file logging only)
[0m13:48:12.071055 [debug] [MainThread]: Snowflake adapter: Setting botocore to ERROR (file logging only)
[0m13:48:12.072056 [debug] [MainThread]: Snowflake adapter: Setting boto3 to ERROR (file logging only)
[0m13:48:12.207809 [info ] [MainThread]: Using profiles dir at C:\Repository\dbt-course
[0m13:48:12.208787 [info ] [MainThread]: Using profiles.yml file at C:\Repository\dbt-course\profiles.yml
[0m13:48:12.208787 [info ] [MainThread]: Using dbt_project.yml file at C:\Repository\dbt-course\dbt_project.yml
[0m13:48:12.213308 [info ] [MainThread]: adapter type: snowflake
[0m13:48:12.214811 [info ] [MainThread]: adapter version: 1.11.3
[0m13:48:12.216135 [info ] [MainThread]: Configuration:
[0m13:48:12.217145 [info ] [MainThread]:   profiles.yml file [[32mOK found and valid[0m]
[0m13:48:12.218146 [info ] [MainThread]:   dbt_project.yml file [[31mERROR not found[0m]
[0m13:48:12.219144 [info ] [MainThread]: Required dependencies:
[0m13:48:12.219144 [debug] [MainThread]: Executing "git --help"
[0m13:48:12.392226 [debug] [MainThread]: STDOUT: "b"usage: git [-v | --version] [-h | --help] [-C <path>] [-c <name>=<value>]\n           [--exec-path[=<path>]] [--html-path] [--man-path] [--info-path]\n           [-p | --paginate | -P | --no-pager] [--no-replace-objects] [--no-lazy-fetch]\n           [--no-optional-locks] [--no-advice] [--bare] [--git-dir=<path>]\n           [--work-tree=<path>] [--namespace=<name>] [--config-env=<name>=<envvar>]\n           <command> [<args>]\n\nThese are common Git commands used in various situations:\n\nstart a working area (see also: git help tutorial)\n   clone      Clone a repository into a new directory\n   init       Create an empty Git repository or reinitialize an existing one\n\nwork on the current change (see also: git help everyday)\n   add        Add file contents to the index\n   mv         Move or rename a file, a directory, or a symlink\n   restore    Restore working tree files\n   rm         Remove files from the working tree and from the index\n\nexamine the history and state (see also: git help revisions)\n   bisect     Use binary search to find the commit that introduced a bug\n   diff       Show changes between commits, commit and working tree, etc\n   grep       Print lines matching a pattern\n   log        Show commit logs\n   show       Show various types of objects\n   status     Show the working tree status\n\ngrow, mark and tweak your common history\n   backfill   Download missing objects in a partial clone\n   branch     List, create, or delete branches\n   commit     Record changes to the repository\n   merge      Join two or more development histories together\n   rebase     Reapply commits on top of another base tip\n   reset      Reset current HEAD to the specified state\n   switch     Switch branches\n   tag        Create, list, delete or verify a tag object signed with GPG\n\ncollaborate (see also: git help workflows)\n   fetch      Download objects and refs from another repository\n   pull       Fetch from and integrate with another repository or a local branch\n   push       Update remote refs along with associated objects\n\n'git help -a' and 'git help -g' list available subcommands and some\nconcept guides. See 'git help <command>' or 'git help <concept>'\nto read about a specific subcommand or concept.\nSee 'git help git' for an overview of the system.\n""
[0m13:48:12.393232 [debug] [MainThread]: STDERR: "b''"
[0m13:48:12.394232 [info ] [MainThread]:  - git [[32mOK found[0m]

[0m13:48:12.394232 [info ] [MainThread]: Connection:
[0m13:48:12.395230 [info ] [MainThread]:   account: QEFYFVQ-BL14192
[0m13:48:12.396231 [info ] [MainThread]:   user: dbt
[0m13:48:12.396231 [info ] [MainThread]:   database: AIRBNB
[0m13:48:12.397232 [info ] [MainThread]:   warehouse: COMPUTE_WH
[0m13:48:12.397232 [info ] [MainThread]:   role: TRANSFORM
[0m13:48:12.398605 [info ] [MainThread]:   schema: DEV
[0m13:48:12.398605 [info ] [MainThread]:   authenticator: None
[0m13:48:12.399924 [info ] [MainThread]:   oauth_client_id: None
[0m13:48:12.400932 [info ] [MainThread]:   query_tag: None
[0m13:48:12.401932 [info ] [MainThread]:   client_session_keep_alive: False
[0m13:48:12.401932 [info ] [MainThread]:   host: None
[0m13:48:12.403170 [info ] [MainThread]:   port: None
[0m13:48:12.403170 [info ] [MainThread]:   proxy_host: None
[0m13:48:12.404170 [info ] [MainThread]:   proxy_port: None
[0m13:48:12.405169 [info ] [MainThread]:   protocol: None
[0m13:48:12.405169 [info ] [MainThread]:   connect_retries: 1
[0m13:48:12.406170 [info ] [MainThread]:   connect_timeout: None
[0m13:48:12.407169 [info ] [MainThread]:   retry_on_database_errors: False
[0m13:48:12.407169 [info ] [MainThread]:   retry_all: False
[0m13:48:12.408170 [info ] [MainThread]:   insecure_mode: False
[0m13:48:12.409171 [info ] [MainThread]:   reuse_connections: True
[0m13:48:12.409171 [info ] [MainThread]:   s3_stage_vpce_dns_name: None
[0m13:48:12.410431 [info ] [MainThread]:   platform_detection_timeout_seconds: 0.0
[0m13:48:12.410431 [info ] [MainThread]: Registered adapter: snowflake=1.11.3
[0m13:48:13.040607 [debug] [MainThread]: Acquiring new snowflake connection 'debug'
[0m13:48:13.570632 [debug] [MainThread]: Using snowflake connection "debug"
[0m13:48:13.572143 [debug] [MainThread]: On debug: select 1 as id
[0m13:48:13.572143 [debug] [MainThread]: Opening a new connection, currently in state init
[0m13:48:17.770740 [debug] [MainThread]: SQL status: SUCCESS 1 in 4.199 seconds
[0m13:48:17.772355 [info ] [MainThread]:   Connection test: [[32mOK connection ok[0m]

[0m13:48:17.773362 [info ] [MainThread]: [31m1 check failed:[0m
[0m13:48:17.774362 [info ] [MainThread]: Project loading failed for the following reason:
 project path <C:\Repository\dbt-course\dbt_project.yml> not found

[0m13:48:17.775363 [debug] [MainThread]: Command `dbt debug` failed at 13:48:17.775363 after 8.94 seconds
[0m13:48:17.776444 [debug] [MainThread]: Connection 'debug' was left open.
[0m13:48:17.777364 [debug] [MainThread]: On debug: Close
[0m13:48:18.310493 [debug] [MainThread]: Sending event: {'category': 'dbt', 'action': 'invocation', 'label': 'end', 'context': [<snowplow_tracker.self_describing_json.SelfDescribingJson object at 0x000002178656FFD0>, <snowplow_tracker.self_describing_json.SelfDescribingJson object at 0x000002178656E710>, <snowplow_tracker.self_describing_json.SelfDescribingJson object at 0x00000217864B0250>]}
[0m13:48:18.312110 [debug] [MainThread]: Flushing usage events
[0m13:48:19.701040 [debug] [MainThread]: An error was encountered while trying to flush usage events
